Start testing: Dec 07 13:26 +05
----------------------------------------------------------
1/1 Testing: main
1/1 Test: main
Command: "/opt/homebrew/bin/python3" "-m" "test" "./main"
Directory: /Users/artyomartyushin/IdeaProjects/elevatorEx/CppDevCourse-hw2/build
"main" start time: Dec 07 13:26 +05
Output:
----------------------------------------------------------
<end of output>
Test time =   0.51 sec
----------------------------------------------------------
Test Passed.
"main" end time: Dec 07 13:26 +05
"main" time elapsed: 00:00:00
----------------------------------------------------------

End testing: Dec 07 13:26 +05
